<?xml version="1.0" encoding="UTF-8"?>
<testng-results skipped="0" failed="0" ignored="0" total="2" passed="2">
  <reporter-output>
  </reporter-output>
  <suite name="Suite" duration-ms="43947" started-at="2020-01-05T09:19:01Z" finished-at="2020-01-05T09:19:45Z">
    <groups>
    </groups>
    <test name="Test" duration-ms="43947" started-at="2020-01-05T09:19:01Z" finished-at="2020-01-05T09:19:45Z">
      <class name="com.inetbanking.testCases.TC_LoginTest_001">
        <test-method status="PASS" signature="setup(java.lang.String)[pri:0, instance:com.inetbanking.testCases.TC_LoginTest_001@3796751b]" name="setup" is-config="true" duration-ms="14640" started-at="2020-01-05T09:19:02Z" finished-at="2020-01-05T09:19:16Z">
          <params>
            <param index="0">
              <value>
                <![CDATA[chrome]]>
              </value>
            </param>
          </params>
          <reporter-output>
          </reporter-output>
        </test-method> <!-- setup -->
        <test-method status="PASS" signature="LoginTest()[pri:0, instance:com.inetbanking.testCases.TC_LoginTest_001@3796751b]" name="LoginTest" duration-ms="2420" started-at="2020-01-05T09:19:16Z" finished-at="2020-01-05T09:19:19Z">
          <reporter-output>
          </reporter-output>
        </test-method> <!-- LoginTest -->
        <test-method status="PASS" signature="teardown()[pri:0, instance:com.inetbanking.testCases.TC_LoginTest_001@3796751b]" name="teardown" is-config="true" duration-ms="629" started-at="2020-01-05T09:19:19Z" finished-at="2020-01-05T09:19:19Z">
          <reporter-output>
          </reporter-output>
        </test-method> <!-- teardown -->
      </class> <!-- com.inetbanking.testCases.TC_LoginTest_001 -->
      <class name="com.inetbanking.testCases.TC_AddCustomerTest_003">
        <test-method status="PASS" signature="setup(java.lang.String)[pri:0, instance:com.inetbanking.testCases.TC_AddCustomerTest_003@67b64c45]" name="setup" is-config="true" duration-ms="12542" started-at="2020-01-05T09:19:19Z" finished-at="2020-01-05T09:19:32Z">
          <params>
            <param index="0">
              <value>
                <![CDATA[chrome]]>
              </value>
            </param>
          </params>
          <reporter-output>
          </reporter-output>
        </test-method> <!-- setup -->
        <test-method status="PASS" signature="AddNewCustomer()[pri:0, instance:com.inetbanking.testCases.TC_AddCustomerTest_003@67b64c45]" name="AddNewCustomer" duration-ms="12824" started-at="2020-01-05T09:19:32Z" finished-at="2020-01-05T09:19:45Z">
          <reporter-output>
          </reporter-output>
        </test-method> <!-- AddNewCustomer -->
        <test-method status="PASS" signature="teardown()[pri:0, instance:com.inetbanking.testCases.TC_AddCustomerTest_003@67b64c45]" name="teardown" is-config="true" duration-ms="658" started-at="2020-01-05T09:19:45Z" finished-at="2020-01-05T09:19:45Z">
          <reporter-output>
          </reporter-output>
        </test-method> <!-- teardown -->
      </class> <!-- com.inetbanking.testCases.TC_AddCustomerTest_003 -->
    </test> <!-- Test -->
  </suite> <!-- Suite -->
</testng-results>
